<?xml version="1.0" encoding="UTF-8"?>
<!-- Generated by org.testng.reporters.JUnitReportReporter -->
<testsuite hostname="win2019" failures="0" tests="1" name="maven_irctc_project_1.PNR_Status" time="25.613" errors="0" timestamp="2024-09-06T23:53:50 PDT" skipped="0">
  <testcase classname="maven_irctc_project_1.PNR_Status" name="Method1" time="25.613"/>
  <system-out/>
</testsuite> <!-- maven_irctc_project_1.PNR_Status -->
