<?xml version="1.0" encoding="UTF-8"?>
<!-- Generated by org.testng.reporters.JUnitReportReporter -->
<testsuite hostname="win2019" failures="0" tests="2" name="maven_irctc_project_1.Book_ticket_window_Automation" time="59.723" errors="0" timestamp="2024-09-09T19:27:52 PDT" skipped="0">
  <testcase classname="maven_irctc_project_1.Book_ticket_window_Automation" name="pnr_status" time="30.333"/>
  <system-out/>
  <testcase classname="maven_irctc_project_1.Book_ticket_window_Automation" name="book_ticket" time="29.390"/>
  <system-out/>
</testsuite> <!-- maven_irctc_project_1.Book_ticket_window_Automation -->
